Using pre-set license
Built from '2021.2/staging' branch; Version is '2021.2.2f1 (5e2b1e92c7f8) revision 6171422'; Using compiler version '192829333'; Build Type 'Release'
OS: 'Windows 10 Pro; OS build 22000.556; Version 2009; 64bit' Language: 'zh' Physical Memory: 16328 MB
BatchMode: 1, IsHumanControllingUs: 0, StartBugReporterOnCrash: 0, Is64bit: 1, IsPro: 0

COMMAND LINE ARGUMENTS:
C:\Program Files\Unity 2021.2.2f1\Editor\Unity.exe
-adb2
-batchMode
-noUpm
-name
AssetImportWorker0
-projectPath
D:/user/home/CollectionOfGadgets
-logFile
Logs/AssetImportWorker0.log
-srvPort
6027
Successfully changed project path to: D:/user/home/CollectionOfGadgets
D:/user/home/CollectionOfGadgets
[UnityMemory] Configuration Parameters - Can be set up in boot.config
    "memorysetup-bucket-allocator-granularity=16"
    "memorysetup-bucket-allocator-bucket-count=8"
    "memorysetup-bucket-allocator-block-size=33554432"
    "memorysetup-bucket-allocator-block-count=8"
    "memorysetup-main-allocator-block-size=16777216"
    "memorysetup-thread-allocator-block-size=16777216"
    "memorysetup-gfx-main-allocator-block-size=16777216"
    "memorysetup-gfx-thread-allocator-block-size=16777216"
    "memorysetup-cache-allocator-block-size=4194304"
    "memorysetup-typetree-allocator-block-size=2097152"
    "memorysetup-profiler-bucket-allocator-granularity=16"
    "memorysetup-profiler-bucket-allocator-bucket-count=8"
    "memorysetup-profiler-bucket-allocator-block-size=33554432"
    "memorysetup-profiler-bucket-allocator-block-count=8"
    "memorysetup-profiler-allocator-block-size=16777216"
    "memorysetup-profiler-editor-allocator-block-size=1048576"
    "memorysetup-temp-allocator-size-main=16777216"
    "memorysetup-job-temp-allocator-block-size=2097152"
    "memorysetup-job-temp-allocator-block-size-background=1048576"
    "memorysetup-job-temp-allocator-reduction-small-platforms=262144"
    "memorysetup-temp-allocator-size-background-worker=32768"
    "memorysetup-temp-allocator-size-job-worker=262144"
    "memorysetup-temp-allocator-size-preload-manager=33554432"
    "memorysetup-temp-allocator-size-nav-mesh-worker=65536"
    "memorysetup-temp-allocator-size-audio-worker=65536"
    "memorysetup-temp-allocator-size-cloud-worker=32768"
    "memorysetup-temp-allocator-size-gi-baking-worker=262144"
    "memorysetup-temp-allocator-size-gfx=262144"
Refreshing native plugins compatible for Editor in 97.06 ms, found 3 plugins.
Preloading 0 native plugins for Editor in 0.00 ms.
Initialize engine version: 2021.2.2f1 (5e2b1e92c7f8)
[Subsystems] Discovering subsystems at path C:/Program Files/Unity 2021.2.2f1/Editor/Data/Resources/UnitySubsystems
[Subsystems] Discovering subsystems at path D:/user/home/CollectionOfGadgets/Assets
GfxDevice: creating device client; threaded=0; jobified=0
Direct3D:
    Version:  Direct3D 11.0 [level 11.1]
    Renderer: NVIDIA GeForce RTX 2060 (ID=0x1f51)
    Vendor:   NVIDIA
    VRAM:     5980 MB
    Driver:   27.21.14.5720
Initialize mono
Mono path[0] = 'C:/Program Files/Unity 2021.2.2f1/Editor/Data/Managed'
Mono path[1] = 'C:/Program Files/Unity 2021.2.2f1/Editor/Data/MonoBleedingEdge/lib/mono/unityjit-win32'
Mono config path = 'C:/Program Files/Unity 2021.2.2f1/Editor/Data/MonoBleedingEdge/etc'
Using monoOptions --debugger-agent=transport=dt_socket,embedding=1,server=y,suspend=n,address=127.0.0.1:56296
Begin MonoManager ReloadAssembly
Registering precompiled unity dll's ...
Register platform support module: C:/Program Files/Unity 2021.2.2f1/Editor/Data/PlaybackEngines/WebGLSupport/UnityEditor.WebGL.Extensions.dll
Register platform support module: C:/Program Files/Unity 2021.2.2f1/Editor/Data/PlaybackEngines/WindowsStandaloneSupport/UnityEditor.WindowsStandalone.Extensions.dll
Registered in 0.004931 seconds.
Native extension for WindowsStandalone target not found
Native extension for WebGL target not found
Refreshing native plugins compatible for Editor in 105.77 ms, found 3 plugins.
Preloading 0 native plugins for Editor in 0.00 ms.
Mono: successfully reloaded assembly
- Completed reload, in  0.766 seconds
Domain Reload Profiling:
	ReloadAssembly (766ms)
		BeginReloadAssembly (87ms)
			ExecutionOrderSort (0ms)
			DisableScriptedObjects (0ms)
			BackupInstance (0ms)
			ReleaseScriptingObjects (0ms)
			CreateAndSetChildDomain (1ms)
		EndReloadAssembly (572ms)
			LoadAssemblies (84ms)
			RebuildTransferFunctionScriptingTraits (0ms)
			SetupTypeCache (126ms)
			ReleaseScriptCaches (0ms)
			RebuildScriptCaches (34ms)
			SetupLoadedEditorAssemblies (348ms)
				LogAssemblyErrors (0ms)
				InitializePlatformSupportModulesInManaged (22ms)
				SetLoadedEditorAssemblies (0ms)
				RefreshPlugins (106ms)
				BeforeProcessingInitializeOnLoad (2ms)
				ProcessInitializeOnLoadAttributes (161ms)
				ProcessInitializeOnLoadMethodAttributes (58ms)
				AfterProcessingInitializeOnLoad (0ms)
				EditorAssembliesLoaded (0ms)
			ExecutionOrderSort2 (0ms)
			AwakeInstancesAfterBackupRestoration (0ms)
Platform modules already initialized, skipping
Registering precompiled user dll's ...
Registered in 0.007441 seconds.
Begin MonoManager ReloadAssembly
Symbol file LoadedFromMemory doesn't match image D:\user\home\CollectionOfGadgets\Library\PackageCache\com.unity.visualscripting@1.7.5\Editor\VisualScripting.Core\Dependencies\YamlDotNet\Unity.VisualScripting.YamlDotNet.dll
Symbol file LoadedFromMemory doesn't match image D:\user\home\CollectionOfGadgets\Library\PackageCache\com.unity.visualscripting@1.7.5\Editor\VisualScripting.Core\Dependencies\DotNetZip\Unity.VisualScripting.IonicZip.dll
Native extension for WindowsStandalone target not found
Native extension for WebGL target not found
Refreshing native plugins compatible for Editor in 137.38 ms, found 3 plugins.
Preloading 0 native plugins for Editor in 0.00 ms.
Mono: successfully reloaded assembly
- Completed reload, in  1.997 seconds
Domain Reload Profiling:
	ReloadAssembly (1998ms)
		BeginReloadAssembly (226ms)
			ExecutionOrderSort (0ms)
			DisableScriptedObjects (7ms)
			BackupInstance (0ms)
			ReleaseScriptingObjects (0ms)
			CreateAndSetChildDomain (24ms)
		EndReloadAssembly (1626ms)
			LoadAssemblies (107ms)
			RebuildTransferFunctionScriptingTraits (0ms)
			SetupTypeCache (366ms)
			ReleaseScriptCaches (1ms)
			RebuildScriptCaches (100ms)
			SetupLoadedEditorAssemblies (841ms)
				LogAssemblyErrors (0ms)
				InitializePlatformSupportModulesInManaged (17ms)
				SetLoadedEditorAssemblies (0ms)
				RefreshPlugins (137ms)
				BeforeProcessingInitializeOnLoad (151ms)
				ProcessInitializeOnLoadAttributes (490ms)
				ProcessInitializeOnLoadMethodAttributes (32ms)
				AfterProcessingInitializeOnLoad (13ms)
				EditorAssembliesLoaded (0ms)
			ExecutionOrderSort2 (0ms)
			AwakeInstancesAfterBackupRestoration (16ms)
Platform modules already initialized, skipping
========================================================================
Worker process is ready to serve import requests
Launched and connected shader compiler UnityShaderCompiler.exe after 0.13 seconds
Refreshing native plugins compatible for Editor in 0.68 ms, found 3 plugins.
Preloading 0 native plugins for Editor in 0.00 ms.
Unloading 3599 Unused Serialized files (Serialized files now loaded: 0)
Unloading 40 unused Assets / (128.7 KB). Loaded Objects now: 4057.
Memory consumption went from 128.8 MB to 128.7 MB.
Total: 4.528800 ms (FindLiveObjects: 0.362700 ms CreateObjectMapping: 0.264300 ms MarkObjects: 3.751900 ms  DeleteObjects: 0.148800 ms)

AssetImportParameters requested are different than current active one (requested -> active):
  custom:video-decoder-ogg-theora: a1e56fd34408186e4bbccfd4996cb3dc -> 
  custom:container-muxer-webm: aa71ff27fc2769a1b78a27578f13a17b -> 
  custom:container-demuxer-webm: 4f35f7cbe854078d1ac9338744f61a02 -> 
  custom:video-encoder-webm-vp8: eb34c28f22e8b96e1ab97ce403110664 -> 
  custom:audio-encoder-webm-vorbis: bf7c407c2cedff20999df2af8eb42d56 -> 
  custom:framework-win-MediaFoundation: 216162199b28c13a410421893ffa2e32 -> 
  custom:container-demuxer-ogg: 62fdf1f143b41e24485cea50d1cbac27 -> 
  custom:video-decoder-webm-vp8: 9c59270c3fd7afecdb556c50c9e8de78 -> 
  custom:audio-decoder-ogg-vorbis: bf7c407c2cedff20999df2af8eb42d56 -> 
========================================================================
Received Import Request.
  Time since last request: 184535.754929 seconds.
  path: Assets/ForArtist/AssetBundleExport/AssetBundleExport.asset
  artifactKey: Guid(1d07aa6a907576141b974441ee6b506b) Importer(815301076,1909f56bfc062723c751e8b465ee728b)
Start importing Assets/ForArtist/AssetBundleExport/AssetBundleExport.asset using Guid(1d07aa6a907576141b974441ee6b506b) Importer(815301076,1909f56bfc062723c751e8b465ee728b)  -> (artifact id: '9ba63da88c20454f050ebbb241a8056d') in 0.079684 seconds 
========================================================================
Received Import Request.
  Time since last request: 3.417846 seconds.
  path: Assets/ForArtist/AssetBundleExport/Editor/Export/GameObject 1.prefab
  artifactKey: Guid(adc0ba6c91e5e104995a9dbb68aa8ff2) Importer(815301076,1909f56bfc062723c751e8b465ee728b)
Start importing Assets/ForArtist/AssetBundleExport/Editor/Export/GameObject 1.prefab using Guid(adc0ba6c91e5e104995a9dbb68aa8ff2) Importer(815301076,1909f56bfc062723c751e8b465ee728b)  -> (artifact id: '620e9b51b1119009d0317d4d9de4b3b0') in 0.108550 seconds 
========================================================================
Received Import Request.
  Time since last request: 0.707583 seconds.
  path: Assets/ForArtist/AssetBundleExport/Editor/Export/GameObject.prefab
  artifactKey: Guid(7ad8083b798686f41b60b5386a1fae16) Importer(815301076,1909f56bfc062723c751e8b465ee728b)
Start importing Assets/ForArtist/AssetBundleExport/Editor/Export/GameObject.prefab using Guid(7ad8083b798686f41b60b5386a1fae16) Importer(815301076,1909f56bfc062723c751e8b465ee728b)  -> (artifact id: 'ab389fc6000626dc745bfbd23361cd8b') in 0.018348 seconds 
========================================================================
Received Import Request.
  Time since last request: 11.874731 seconds.
  path: Assets/StreamingAssets/gameobject
  artifactKey: Guid(49f6472daad40294480d9eb821913ec3) Importer(815301076,1909f56bfc062723c751e8b465ee728b)
Start importing Assets/StreamingAssets/gameobject using Guid(49f6472daad40294480d9eb821913ec3) Importer(815301076,1909f56bfc062723c751e8b465ee728b)  -> (artifact id: '2baeac3ddd1b5a335104e7b0f28b47d2') in 0.007609 seconds 
========================================================================
Received Import Request.
  Time since last request: 1.478994 seconds.
  path: Assets/StreamingAssets/StreamingAssets.manifest
  artifactKey: Guid(070537b890d77f34784df3993384419f) Importer(815301076,1909f56bfc062723c751e8b465ee728b)
Start importing Assets/StreamingAssets/StreamingAssets.manifest using Guid(070537b890d77f34784df3993384419f) Importer(815301076,1909f56bfc062723c751e8b465ee728b)  -> (artifact id: '5824f693a85bb98a128982c2b40056fe') in 0.009800 seconds 
========================================================================
Received Prepare
Registering precompiled user dll's ...
Registered in 0.008901 seconds.
Begin MonoManager ReloadAssembly
Symbol file LoadedFromMemory doesn't match image D:\user\home\CollectionOfGadgets\Library\PackageCache\com.unity.visualscripting@1.7.5\Editor\VisualScripting.Core\Dependencies\YamlDotNet\Unity.VisualScripting.YamlDotNet.dll
Symbol file LoadedFromMemory doesn't match image D:\user\home\CollectionOfGadgets\Library\PackageCache\com.unity.visualscripting@1.7.5\Editor\VisualScripting.Core\Dependencies\DotNetZip\Unity.VisualScripting.IonicZip.dll
Native extension for WindowsStandalone target not found
Native extension for WebGL target not found
Refreshing native plugins compatible for Editor in 0.69 ms, found 3 plugins.
Preloading 0 native plugins for Editor in 0.00 ms.
Mono: successfully reloaded assembly
- Completed reload, in  1.695 seconds
Domain Reload Profiling:
	ReloadAssembly (1695ms)
		BeginReloadAssembly (224ms)
			ExecutionOrderSort (0ms)
			DisableScriptedObjects (13ms)
			BackupInstance (0ms)
			ReleaseScriptingObjects (0ms)
			CreateAndSetChildDomain (62ms)
		EndReloadAssembly (1310ms)
			LoadAssemblies (118ms)
			RebuildTransferFunctionScriptingTraits (0ms)
			SetupTypeCache (399ms)
			ReleaseScriptCaches (1ms)
			RebuildScriptCaches (85ms)
			SetupLoadedEditorAssemblies (527ms)
				LogAssemblyErrors (0ms)
				InitializePlatformSupportModulesInManaged (23ms)
				SetLoadedEditorAssemblies (1ms)
				RefreshPlugins (1ms)
				BeforeProcessingInitializeOnLoad (83ms)
				ProcessInitializeOnLoadAttributes (375ms)
				ProcessInitializeOnLoadMethodAttributes (34ms)
				AfterProcessingInitializeOnLoad (10ms)
				EditorAssembliesLoaded (0ms)
			ExecutionOrderSort2 (0ms)
			AwakeInstancesAfterBackupRestoration (12ms)
Platform modules already initialized, skipping
Refreshing native plugins compatible for Editor in 0.81 ms, found 3 plugins.
Preloading 0 native plugins for Editor in 0.00 ms.
Unloading 3593 Unused Serialized files (Serialized files now loaded: 0)
Unloading 21 unused Assets / (95.3 KB). Loaded Objects now: 4078.
Memory consumption went from 133.1 MB to 133.1 MB.
Total: 3.644200 ms (FindLiveObjects: 0.341300 ms CreateObjectMapping: 0.249600 ms MarkObjects: 3.015600 ms  DeleteObjects: 0.036600 ms)

AssetImportParameters requested are different than current active one (requested -> active):
  custom:video-decoder-ogg-theora: a1e56fd34408186e4bbccfd4996cb3dc -> 
  custom:container-muxer-webm: aa71ff27fc2769a1b78a27578f13a17b -> 
  custom:container-demuxer-webm: 4f35f7cbe854078d1ac9338744f61a02 -> 
  custom:video-encoder-webm-vp8: eb34c28f22e8b96e1ab97ce403110664 -> 
  custom:audio-encoder-webm-vorbis: bf7c407c2cedff20999df2af8eb42d56 -> 
  custom:framework-win-MediaFoundation: 216162199b28c13a410421893ffa2e32 -> 
  custom:container-demuxer-ogg: 62fdf1f143b41e24485cea50d1cbac27 -> 
  custom:video-decoder-webm-vp8: 9c59270c3fd7afecdb556c50c9e8de78 -> 
  custom:audio-decoder-ogg-vorbis: bf7c407c2cedff20999df2af8eb42d56 -> 
========================================================================
Received Import Request.
  Time since last request: 337.825178 seconds.
  path: Assets/ForArtists/package.json
  artifactKey: Guid(5af3ca015ef6d10478bd144351a71827) Importer(815301076,1909f56bfc062723c751e8b465ee728b)
Start importing Assets/ForArtists/package.json using Guid(5af3ca015ef6d10478bd144351a71827) Importer(815301076,1909f56bfc062723c751e8b465ee728b)  -> (artifact id: 'c7031997de792ed455278633150faf92') in 0.025351 seconds 
========================================================================
Received Import Request.
  Time since last request: 291.643294 seconds.
  path: Assets/ForArtists/package.json
  artifactKey: Guid(5af3ca015ef6d10478bd144351a71827) Importer(815301076,1909f56bfc062723c751e8b465ee728b)
Start importing Assets/ForArtists/package.json using Guid(5af3ca015ef6d10478bd144351a71827) Importer(815301076,1909f56bfc062723c751e8b465ee728b)  -> (artifact id: '8d354b6d522e25570701d058b1e8f0aa') in 0.003727 seconds 
========================================================================
Received Import Request.
  Time since last request: 17.355081 seconds.
  path: Assets/ForArtists/package.json
  artifactKey: Guid(5af3ca015ef6d10478bd144351a71827) Importer(815301076,1909f56bfc062723c751e8b465ee728b)
Start importing Assets/ForArtists/package.json using Guid(5af3ca015ef6d10478bd144351a71827) Importer(815301076,1909f56bfc062723c751e8b465ee728b)  -> (artifact id: '7d5d76da064e61046e84471f0ac456ac') in 0.060960 seconds 
========================================================================
Received Import Request.
  Time since last request: 124.223450 seconds.
  path: Assets/ForArtists
  artifactKey: Guid(8b6afeda3df5be04b8f7feca629a438a) Importer(815301076,1909f56bfc062723c751e8b465ee728b)
Start importing Assets/ForArtists using Guid(8b6afeda3df5be04b8f7feca629a438a) Importer(815301076,1909f56bfc062723c751e8b465ee728b)  -> (artifact id: 'c0a4ce2af08edbc053a24444b6c82490') in 0.007750 seconds 
========================================================================
Received Import Request.
  Time since last request: 670.087270 seconds.
  path: Assets/ForArtists/README.md
  artifactKey: Guid(1a297efc370214c48aa656dc12cd7b31) Importer(815301076,1909f56bfc062723c751e8b465ee728b)
Start importing Assets/ForArtists/README.md using Guid(1a297efc370214c48aa656dc12cd7b31) Importer(815301076,1909f56bfc062723c751e8b465ee728b)  -> (artifact id: '4fefadc0eea0b54cf5860b7f1a53b56b') in 0.011121 seconds 
========================================================================
Received Import Request.
  Time since last request: 83.475332 seconds.
  path: Assets/ForArtists/package.json
  artifactKey: Guid(5af3ca015ef6d10478bd144351a71827) Importer(815301076,1909f56bfc062723c751e8b465ee728b)
Start importing Assets/ForArtists/package.json using Guid(5af3ca015ef6d10478bd144351a71827) Importer(815301076,1909f56bfc062723c751e8b465ee728b)  -> (artifact id: '7d558e4e66994158cc0f0912c97d9ede') in 0.007728 seconds 
