
=== Sun Mar 13 17:16:49 2022

Packages were changed.
Update Mode: updateDependencies

The following packages were updated:
  com.unity.cinemachine from version 2.7.3 to 2.8.0
  com.unity.collab-proxy from version 1.5.7 to 1.13.5
  com.unity.ide.visualstudio from version 2.0.9 to 2.0.11
  com.unity.ide.vscode from version 1.2.3 to 1.2.4
  com.unity.inputsystem from version 1.0.2 to 1.1.1
  com.unity.render-pipelines.high-definition from version 11.0.0 to 12.1.1
  com.unity.test-framework from version 1.1.24 to 1.1.29
  com.unity.timeline from version 1.5.5 to 1.6.2
  com.unity.visualscripting from version 1.6.1 to 1.7.5

=== Sun Mar 13 17:53:39 2022

Packages were changed.
Update Mode: updateDependencies

The following packages were updated:
  com.unity.cinemachine from version 2.7.3 to 2.8.0
  com.unity.collab-proxy from version 1.5.7 to 1.13.5
  com.unity.ide.visualstudio from version 2.0.9 to 2.0.11
  com.unity.ide.vscode from version 1.2.3 to 1.2.4
  com.unity.inputsystem from version 1.0.2 to 1.1.1
  com.unity.render-pipelines.high-definition from version 11.0.0 to 12.1.1
  com.unity.test-framework from version 1.1.24 to 1.1.29
  com.unity.timeline from version 1.5.5 to 1.6.2
  com.unity.visualscripting from version 1.6.1 to 1.7.5
